c:\users\ıbrahımsamed\desktop\projeler aselsan\1. oyun projesı\obj\debug\vc120.pdb
c:\users\ıbrahımsamed\desktop\projeler aselsan\1. oyun projesı\obj\debug\vc120.ıdb
c:\users\ıbrahımsamed\desktop\projeler aselsan\1. oyun projesı\obj\debug\anımatedsprıte.obj
c:\users\ıbrahımsamed\desktop\projeler aselsan\1. oyun projesı\obj\debug\anımfıleloader.obj
c:\users\ıbrahımsamed\desktop\projeler aselsan\1. oyun projesı\obj\debug\applıcatıon.obj
c:\users\ıbrahımsamed\desktop\projeler aselsan\1. oyun projesı\obj\debug\ımage.obj
c:\users\ıbrahımsamed\desktop\projeler aselsan\1. oyun projesı\obj\debug\ımagelıst.obj
c:\users\ıbrahımsamed\desktop\projeler aselsan\1. oyun projesı\obj\debug\maın.obj
c:\users\ıbrahımsamed\desktop\projeler aselsan\1. oyun projesı\obj\debug\maınwındow.obj
c:\users\ıbrahımsamed\desktop\projeler aselsan\1. oyun projesı\obj\debug\texture.obj
c:\users\ıbrahımsamed\desktop\projeler aselsan\1. oyun projesı\obj\debug\texturemanager.obj
c:\users\ıbrahımsamed\desktop\projeler aselsan\1. oyun projesı\bın\tutorıal2.ılk
c:\users\ıbrahımsamed\desktop\projeler aselsan\1. oyun projesı\bın\tutorıal2.exe
c:\users\ıbrahımsamed\desktop\projeler aselsan\1. oyun projesı\bın\tutorıal2.pdb
c:\users\ibrahimsamed\desktop\projeler aselsan\1. oyun projesi\obj\debug\animatedsprite.obj
c:\users\ibrahimsamed\desktop\projeler aselsan\1. oyun projesi\obj\debug\animfileloader.obj
c:\users\ibrahimsamed\desktop\projeler aselsan\1. oyun projesi\obj\debug\application.obj
c:\users\ibrahimsamed\desktop\projeler aselsan\1. oyun projesi\obj\debug\ımage.obj
c:\users\ibrahimsamed\desktop\projeler aselsan\1. oyun projesi\obj\debug\ımagelist.obj
c:\users\ibrahimsamed\desktop\projeler aselsan\1. oyun projesi\obj\debug\main.obj
c:\users\ibrahimsamed\desktop\projeler aselsan\1. oyun projesi\obj\debug\mainwindow.obj
c:\users\ibrahimsamed\desktop\projeler aselsan\1. oyun projesi\obj\debug\texture.obj
c:\users\ibrahimsamed\desktop\projeler aselsan\1. oyun projesi\obj\debug\texturemanager.obj
c:\users\ibrahimsamed\desktop\projeler aselsan\1. oyun projesi\obj\debug\vc120.idb
c:\users\ibrahimsamed\desktop\projeler aselsan\1. oyun projesi\obj\debug\vc120.pdb
c:\users\ibrahimsamed\desktop\projeler aselsan\1. oyun projesi\\bin\tutorial2.pdb
c:\users\ibrahimsamed\desktop\projeler aselsan\1. oyun projesi\\bin\tutorial2.exe
c:\users\ibrahimsamed\desktop\projeler aselsan\1. oyun projesi\\bin\tutorial2.ilk
c:\users\ibrahimsamed\desktop\projeler aselsan\1. oyun projesi\obj\debug\tutorial2.tlog\cl.command.1.tlog
c:\users\ibrahimsamed\desktop\projeler aselsan\1. oyun projesi\obj\debug\tutorial2.tlog\cl.read.1.tlog
c:\users\ibrahimsamed\desktop\projeler aselsan\1. oyun projesi\obj\debug\tutorial2.tlog\cl.write.1.tlog
c:\users\ibrahimsamed\desktop\projeler aselsan\1. oyun projesi\obj\debug\tutorial2.tlog\link.command.1.tlog
c:\users\ibrahimsamed\desktop\projeler aselsan\1. oyun projesi\obj\debug\tutorial2.tlog\link.read.1.tlog
c:\users\ibrahimsamed\desktop\projeler aselsan\1. oyun projesi\obj\debug\tutorial2.tlog\link.write.1.tlog
